<?xml version="1.0" encoding="UTF-8"?>
<testsuite xmlns:xsi="http://www.w3.org/2001/XMLSchema-instance" xsi:noNamespaceSchemaLocation="https://maven.apache.org/surefire/maven-surefire-plugin/xsd/surefire-test-report-3.0.xsd" version="3.0" name="com.labturnos.LabTurnosApplicationTests" time="6.022" tests="1" errors="0" skipped="0" failures="0">
  <properties>
[...]
</properties>
  <testcase name="contextLoads" classname="com.labturnos.LabTurnosApplicationTests" time="0.051">
    <system-out><![CDATA[01:50:47.390 [main] INFO org.springframework.test.context.support.AnnotationConfigContextLoaderUtils -- Could not detect default configuration classes for test class [com.labturnos.LabTurnosApplicationTests]: LabTurnosApplicationTests does not declare any static, non-private, non-final, nested classes annotated with @Configuration.
01:50:47.522 [main] INFO org.springframework.boot.test.context.SpringBootTestContextBootstrapper -- Found @SpringBootConfiguration com.labturnos.LabTurnosApplication for test class com.labturnos.LabTurnosApplicationTests

  .   ____          _            __ _ _
 /\\ / ___'_ __ _ _(_)_ __  __ _ \ \ \ \
( ( )\___ | '_ | '_| | '_ \/ _` | \ \ \ \
 \\/  ___)| |_)| | | | | || (_| |  ) ) ) )
  '  |____| .__|_| |_|_| |_\__, | / / / /
 =========|_|==============|___/=/_/_/_/

 :: Spring Boot ::                (v3.3.5)

2025-11-23T01:50:47.964-05:00  INFO 40256 --- [lab-turnos] [           main] c.labturnos.LabTurnosApplicationTests    : Starting LabTurnosApplicationTests using Java 21.0.8 with PID 40256 (started by gueva in C:\Users\gueva\OneDrive\Escritorio\Proyecto-de-dise-o)
2025-11-23T01:50:47.965-05:00  INFO 40256 --- [lab-turnos] [           main] c.labturnos.LabTurnosApplicationTests    : The following 1 profile is active: "test"
2025-11-23T01:50:48.816-05:00  INFO 40256 --- [lab-turnos] [           main] .s.d.r.c.RepositoryConfigurationDelegate : Bootstrapping Spring Data MongoDB repositories in DEFAULT mode.
2025-11-23T01:50:48.870-05:00  INFO 40256 --- [lab-turnos] [           main] .s.d.r.c.RepositoryConfigurationDelegate : Finished Spring Data repository scanning in 49 ms. Found 5 MongoDB repository interfaces.
2025-11-23T01:50:50.873-05:00  WARN 40256 --- [lab-turnos] [           main] .s.s.UserDetailsServiceAutoConfiguration : 

Using generated security password: 1038f447-62ad-47d5-9810-005d31148b93

This generated password is for development use only. Your security configuration must be updated before running your application in production.

2025-11-23T01:50:50.897-05:00  INFO 40256 --- [lab-turnos] [           main] r$InitializeUserDetailsManagerConfigurer : Global AuthenticationManager configured with UserDetailsService bean with name inMemoryUserDetailsManager
2025-11-23T01:50:52.633-05:00  INFO 40256 --- [lab-turnos] [           main] org.mongodb.driver.client                : MongoClient with metadata {"application": {"name": "DisenoSoftware"}, "driver": {"name": "mongo-java-driver|sync|spring-boot", "version": "5.0.1"}, "os": {"type": "Windows", "name": "Windows 11", "architecture": "amd64", "version": "10.0"}, "platform": "Java/Eclipse Adoptium/21.0.8+9-LTS"} created with settings MongoClientSettings{readPreference=primary, writeConcern=WriteConcern{w=null, wTimeout=null ms, journal=null}, retryWrites=true, retryReads=true, readConcern=ReadConcern{level=null}, credential=MongoCredential{mechanism=null, userName='DanielGuevara', source='admin', password=<hidden>, mechanismProperties=<hidden>}, transportSettings=null, commandListeners=[], codecRegistry=ProvidersCodecRegistry{codecProviders=[ValueCodecProvider{}, BsonValueCodecProvider{}, DBRefCodecProvider{}, DBObjectCodecProvider{}, DocumentCodecProvider{}, CollectionCodecProvider{}, IterableCodecProvider{}, MapCodecProvider{}, GeoJsonCodecProvider{}, GridFSFileCodecProvider{}, Jsr310CodecProvider{}, JsonObjectCodecProvider{}, BsonCodecProvider{}, EnumCodecProvider{}, com.mongodb.client.model.mql.ExpressionCodecProvider@4e357792, com.mongodb.Jep395RecordCodecProvider@50734cea, com.mongodb.KotlinCodecProvider@4e6280de]}, loggerSettings=LoggerSettings{maxDocumentLength=1000}, clusterSettings={hosts=[127.0.0.1:27017], srvHost=disenosoftware.7yxxam1.mongodb.net, srvServiceName=mongodb, mode=MULTIPLE, requiredClusterType=REPLICA_SET, requiredReplicaSetName='atlas-qe7dy9-shard-0', serverSelector='null', clusterListeners='[]', serverSelectionTimeout='30000 ms', localThreshold='15 ms'}, socketSettings=SocketSettings{connectTimeoutMS=10000, readTimeoutMS=0, receiveBufferSize=0, proxySettings=ProxySettings{host=null, port=null, username=null, password=null}}, heartbeatSocketSettings=SocketSettings{connectTimeoutMS=10000, readTimeoutMS=10000, receiveBufferSize=0, proxySettings=ProxySettings{host=null, port=null, username=null, password=null}}, connectionPoolSettings=ConnectionPoolSettings{maxSize=100, minSize=0, maxWaitTimeMS=120000, maxConnectionLifeTimeMS=0, maxConnectionIdleTimeMS=0, maintenanceInitialDelayMS=0, maintenanceFrequencyMS=60000, connectionPoolListeners=[], maxConnecting=2}, serverSettings=ServerSettings{heartbeatFrequencyMS=10000, minHeartbeatFrequencyMS=500, serverListeners='[]', serverMonitorListeners='[]'}, sslSettings=SslSettings{enabled=true, invalidHostNameAllowed=false, context=null}, applicationName='DisenoSoftware', compressorList=[], uuidRepresentation=JAVA_LEGACY, serverApi=null, autoEncryptionSettings=null, dnsClient=null, inetAddressResolver=null, contextProvider=null}
2025-11-23T01:50:52.836-05:00  INFO 40256 --- [lab-turnos] [am1.mongodb.net] org.mongodb.driver.cluster               : Adding discovered server ac-liqfrum-shard-00-02.7yxxam1.mongodb.net:27017 to client view of cluster
2025-11-23T01:50:52.881-05:00  INFO 40256 --- [lab-turnos] [am1.mongodb.net] org.mongodb.driver.cluster               : Adding discovered server ac-liqfrum-shard-00-01.7yxxam1.mongodb.net:27017 to client view of cluster
2025-11-23T01:50:52.883-05:00  INFO 40256 --- [lab-turnos] [am1.mongodb.net] org.mongodb.driver.cluster               : Adding discovered server ac-liqfrum-shard-00-00.7yxxam1.mongodb.net:27017 to client view of cluster
2025-11-23T01:50:53.098-05:00  INFO 40256 --- [lab-turnos] [           main] c.labturnos.LabTurnosApplicationTests    : Started LabTurnosApplicationTests in 5.422 seconds (process running for 6.698)
]]></system-out>
    <system-err><![CDATA[WARNING: A Java agent has been loaded dynamically (C:\Users\gueva\.m2\repository\net\bytebuddy\byte-buddy-agent\1.14.19\byte-buddy-agent-1.14.19.jar)
WARNING: If a serviceability tool is in use, please run with -XX:+EnableDynamicAgentLoading to hide this warning
WARNING: If a serviceability tool is not in use, please run with -Djdk.instrument.traceUsage for more information
WARNING: Dynamic loading of agents will be disallowed by default in a future release
]]></system-err>
  </testcase>
</testsuite>